[2015-05-20 10:31:08] lumen.ERROR: exception 'Illuminate\Database\Eloquent\MassAssignmentException' with message 'title' in /var/www/html/lumen_rest_ce/vendor/illuminate/database/Eloquent/Model.php:404
Stack trace:
#0 /var/www/html/lumen_rest_ce/vendor/illuminate/database/Eloquent/Model.php(259): Illuminate\Database\Eloquent\Model->fill(Array)
#1 /var/www/html/lumen_rest_ce/vendor/illuminate/database/Eloquent/Model.php(527): Illuminate\Database\Eloquent\Model->__construct(Array)
#2 /var/www/html/lumen_rest_ce/app/Http/Controllers/BookController.php(30): Illuminate\Database\Eloquent\Model::create(Array)
#3 [internal function]: App\Http\Controllers\BookController->createBook(Object(Illuminate\Http\Request))
#4 /var/www/html/lumen_rest_ce/vendor/illuminate/container/Container.php(523): call_user_func_array(Array, Array)
#5 /var/www/html/lumen_rest_ce/vendor/laravel/lumen-framework/src/Application.php(1296): Illuminate\Container\Container->call(Array, Array)
#6 /var/www/html/lumen_rest_ce/vendor/laravel/lumen-framework/src/Application.php(1261): Laravel\Lumen\Application->callControllerCallable(Array, Array)
#7 /var/www/html/lumen_rest_ce/vendor/laravel/lumen-framework/src/Application.php(1232): Laravel\Lumen\Application->callLumenController(Object(App\Http\Controllers\BookController), 'createBook', Array)
#8 /var/www/html/lumen_rest_ce/vendor/laravel/lumen-framework/src/Application.php(1200): Laravel\Lumen\Application->callControllerAction(Array)
#9 /var/www/html/lumen_rest_ce/vendor/laravel/lumen-framework/src/Application.php(1185): Laravel\Lumen\Application->callActionOnArrayBasedRoute(Array)
#10 /var/www/html/lumen_rest_ce/vendor/laravel/lumen-framework/src/Application.php(1163): Laravel\Lumen\Application->handleArrayBasedFoundRoute(Array)
#11 /var/www/html/lumen_rest_ce/vendor/laravel/lumen-framework/src/Application.php(1090): Laravel\Lumen\Application->handleFoundRoute(Array)
#12 /var/www/html/lumen_rest_ce/vendor/laravel/lumen-framework/src/Application.php(1035): Laravel\Lumen\Application->dispatch(NULL)
#13 /var/www/html/lumen_rest_ce/public/index.php(28): Laravel\Lumen\Application->run()
#14 /var/www/html/lumen_rest_ce/server.php(12): require_once('/var/www/html/l...')
#15 {main}  
[2015-05-20 10:31:29] lumen.ERROR: exception 'Illuminate\Database\Eloquent\MassAssignmentException' with message 'title' in /var/www/html/lumen_rest_ce/vendor/illuminate/database/Eloquent/Model.php:404
Stack trace:
#0 /var/www/html/lumen_rest_ce/vendor/illuminate/database/Eloquent/Model.php(259): Illuminate\Database\Eloquent\Model->fill(Array)
#1 /var/www/html/lumen_rest_ce/vendor/illuminate/database/Eloquent/Model.php(527): Illuminate\Database\Eloquent\Model->__construct(Array)
#2 /var/www/html/lumen_rest_ce/app/Http/Controllers/BookController.php(30): Illuminate\Database\Eloquent\Model::create(Array)
#3 [internal function]: App\Http\Controllers\BookController->createBook(Object(Illuminate\Http\Request))
#4 /var/www/html/lumen_rest_ce/vendor/illuminate/container/Container.php(523): call_user_func_array(Array, Array)
#5 /var/www/html/lumen_rest_ce/vendor/laravel/lumen-framework/src/Application.php(1296): Illuminate\Container\Container->call(Array, Array)
#6 /var/www/html/lumen_rest_ce/vendor/laravel/lumen-framework/src/Application.php(1261): Laravel\Lumen\Application->callControllerCallable(Array, Array)
#7 /var/www/html/lumen_rest_ce/vendor/laravel/lumen-framework/src/Application.php(1232): Laravel\Lumen\Application->callLumenController(Object(App\Http\Controllers\BookController), 'createBook', Array)
#8 /var/www/html/lumen_rest_ce/vendor/laravel/lumen-framework/src/Application.php(1200): Laravel\Lumen\Application->callControllerAction(Array)
#9 /var/www/html/lumen_rest_ce/vendor/laravel/lumen-framework/src/Application.php(1185): Laravel\Lumen\Application->callActionOnArrayBasedRoute(Array)
#10 /var/www/html/lumen_rest_ce/vendor/laravel/lumen-framework/src/Application.php(1163): Laravel\Lumen\Application->handleArrayBasedFoundRoute(Array)
#11 /var/www/html/lumen_rest_ce/vendor/laravel/lumen-framework/src/Application.php(1090): Laravel\Lumen\Application->handleFoundRoute(Array)
#12 /var/www/html/lumen_rest_ce/vendor/laravel/lumen-framework/src/Application.php(1035): Laravel\Lumen\Application->dispatch(NULL)
#13 /var/www/html/lumen_rest_ce/public/index.php(28): Laravel\Lumen\Application->run()
#14 /var/www/html/lumen_rest_ce/server.php(12): require_once('/var/www/html/l...')
#15 {main}  
[2015-05-20 11:04:52] lumen.ERROR: exception 'ErrorException' with message 'Non-static method Symfony\Component\HttpFoundation\Request::get() should not be called statically, assuming $this from incompatible context' in /var/www/html/lumen_rest_ce/app/Http/Controllers/BookController.php:45
Stack trace:
#0 /var/www/html/lumen_rest_ce/app/Http/Controllers/BookController.php(45): Laravel\Lumen\Application->Laravel\Lumen\{closure}(2048, 'Non-static meth...', '/var/www/html/l...', 45, Array)
#1 [internal function]: App\Http\Controllers\BookController->updateBook('3')
#2 /var/www/html/lumen_rest_ce/vendor/illuminate/container/Container.php(523): call_user_func_array(Array, Array)
#3 /var/www/html/lumen_rest_ce/vendor/laravel/lumen-framework/src/Application.php(1296): Illuminate\Container\Container->call(Array, Array)
#4 /var/www/html/lumen_rest_ce/vendor/laravel/lumen-framework/src/Application.php(1261): Laravel\Lumen\Application->callControllerCallable(Array, Array)
#5 /var/www/html/lumen_rest_ce/vendor/laravel/lumen-framework/src/Application.php(1232): Laravel\Lumen\Application->callLumenController(Object(App\Http\Controllers\BookController), 'updateBook', Array)
#6 /var/www/html/lumen_rest_ce/vendor/laravel/lumen-framework/src/Application.php(1200): Laravel\Lumen\Application->callControllerAction(Array)
#7 /var/www/html/lumen_rest_ce/vendor/laravel/lumen-framework/src/Application.php(1185): Laravel\Lumen\Application->callActionOnArrayBasedRoute(Array)
#8 /var/www/html/lumen_rest_ce/vendor/laravel/lumen-framework/src/Application.php(1163): Laravel\Lumen\Application->handleArrayBasedFoundRoute(Array)
#9 /var/www/html/lumen_rest_ce/vendor/laravel/lumen-framework/src/Application.php(1142): Laravel\Lumen\Application->handleFoundRoute(Array)
#10 /var/www/html/lumen_rest_ce/vendor/laravel/lumen-framework/src/Application.php(1095): Laravel\Lumen\Application->handleDispatcherResponse(Array)
#11 /var/www/html/lumen_rest_ce/vendor/laravel/lumen-framework/src/Application.php(1035): Laravel\Lumen\Application->dispatch(NULL)
#12 /var/www/html/lumen_rest_ce/public/index.php(28): Laravel\Lumen\Application->run()
#13 /var/www/html/lumen_rest_ce/server.php(12): require_once('/var/www/html/l...')
#14 {main}  
[2015-05-20 11:33:10] lumen.ERROR: exception 'ReflectionException' with message 'Class App\Http\Controllers\App\Http\Controllers\BookController does not exist' in /var/www/html/lumen_rest_ce/vendor/illuminate/container/Container.php:776
Stack trace:
#0 /var/www/html/lumen_rest_ce/vendor/illuminate/container/Container.php(776): ReflectionClass->__construct('App\\Http\\Contro...')
#1 /var/www/html/lumen_rest_ce/vendor/illuminate/container/Container.php(656): Illuminate\Container\Container->build('App\\Http\\Contro...', Array)
#2 /var/www/html/lumen_rest_ce/vendor/laravel/lumen-framework/src/Application.php(365): Illuminate\Container\Container->make('App\\Http\\Contro...', Array)
#3 /var/www/html/lumen_rest_ce/vendor/laravel/lumen-framework/src/Application.php(1227): Laravel\Lumen\Application->make('App\\Http\\Contro...')
#4 /var/www/html/lumen_rest_ce/vendor/laravel/lumen-framework/src/Application.php(1200): Laravel\Lumen\Application->callControllerAction(Array)
#5 /var/www/html/lumen_rest_ce/vendor/laravel/lumen-framework/src/Application.php(1185): Laravel\Lumen\Application->callActionOnArrayBasedRoute(Array)
#6 /var/www/html/lumen_rest_ce/vendor/laravel/lumen-framework/src/Application.php(1163): Laravel\Lumen\Application->handleArrayBasedFoundRoute(Array)
#7 /var/www/html/lumen_rest_ce/vendor/laravel/lumen-framework/src/Application.php(1142): Laravel\Lumen\Application->handleFoundRoute(Array)
#8 /var/www/html/lumen_rest_ce/vendor/laravel/lumen-framework/src/Application.php(1095): Laravel\Lumen\Application->handleDispatcherResponse(Array)
#9 /var/www/html/lumen_rest_ce/vendor/laravel/lumen-framework/src/Application.php(1035): Laravel\Lumen\Application->dispatch(NULL)
#10 /var/www/html/lumen_rest_ce/public/index.php(28): Laravel\Lumen\Application->run()
#11 /var/www/html/lumen_rest_ce/server.php(12): require_once('/var/www/html/l...')
#12 {main}  
